2016-12-20 20:09:57,780 - org.apache.velocity.runtime.exception.ReferenceException: reference : template = om/java/cbean/AbstractBsConditionQuery.vm [line 1012,column 146] : ${tmpCBClassName} is not a valid reference.
2016-12-20 20:09:57,780 - org.apache.velocity.runtime.exception.ReferenceException: reference : template = om/java/cbean/AbstractBsConditionQuery.vm [line 1013,column 30] : ${tmpCBClassName} is not a valid reference.
2016-12-20 20:09:57,781 - org.apache.velocity.runtime.exception.ReferenceException: reference : template = om/java/cbean/AbstractBsConditionQuery.vm [line 1012,column 55] : ${tmpPropertyNameInitCap} is not a valid reference.
2016-12-20 20:09:57,781 - org.apache.velocity.runtime.exception.ReferenceException: reference : template = om/java/cbean/AbstractBsConditionQuery.vm [line 1012,column 146] : ${tmpCBClassName} is not a valid reference.
2016-12-20 20:09:57,781 - org.apache.velocity.runtime.exception.ReferenceException: reference : template = om/java/cbean/AbstractBsConditionQuery.vm [line 1013,column 30] : ${tmpCBClassName} is not a valid reference.
2016-12-20 20:09:57,781 - org.apache.velocity.runtime.exception.ReferenceException: reference : template = om/java/cbean/AbstractBsConditionQuery.vm [line 1012,column 55] : ${tmpPropertyNameInitCap} is not a valid reference.
2016-12-20 20:09:57,781 - org.apache.velocity.runtime.exception.ReferenceException: reference : template = om/java/cbean/AbstractBsConditionQuery.vm [line 1012,column 146] : ${tmpCBClassName} is not a valid reference.
2016-12-20 20:09:57,781 - org.apache.velocity.runtime.exception.ReferenceException: reference : template = om/java/cbean/AbstractBsConditionQuery.vm [line 1013,column 30] : ${tmpCBClassName} is not a valid reference.
2016-12-20 20:09:57,785 - RHS of #set statement is null. Context will not be modified. om/java/cbean/AbstractBsConditionQuery.vm [line 66, column 1]
2016-12-20 20:09:57,786 - RHS of #set statement is null. Context will not be modified. om/java/cbean/AbstractBsConditionQuery.vm [line 66, column 1]
2016-12-20 20:09:57,787 - RHS of #set statement is null. Context will not be modified. om/java/cbean/AbstractBsConditionQuery.vm [line 66, column 1]
2016-12-20 20:09:57,787 - RHS of #set statement is null. Context will not be modified. om/java/cbean/AbstractBsConditionQuery.vm [line 66, column 1]
2016-12-20 20:09:57,788 - RHS of #set statement is null. Context will not be modified. om/java/cbean/AbstractBsConditionQuery.vm [line 66, column 1]
2016-12-20 20:09:57,789 - RHS of #set statement is null. Context will not be modified. om/java/cbean/AbstractBsConditionQuery.vm [line 66, column 1]
2016-12-20 20:09:57,799 - ResourceManager : found om/java/cbean/BsConditionInlineQuery.vm with loader org.apache.velocity.runtime.resource.loader.FileResourceLoader
2016-12-20 20:09:57,800 - RHS of #set statement is null. Context will not be modified. om/java/cbean/BsConditionInlineQuery.vm [line 91, column 1]
2016-12-20 20:09:57,805 - RHS of #set statement is null. Context will not be modified. om/java/cbean/BsConditionInlineQuery.vm [line 91, column 1]
2016-12-20 20:09:57,805 - RHS of #set statement is null. Context will not be modified. om/java/cbean/BsConditionInlineQuery.vm [line 91, column 1]
2016-12-20 20:09:57,805 - RHS of #set statement is null. Context will not be modified. om/java/cbean/BsConditionInlineQuery.vm [line 91, column 1]
2016-12-20 20:09:57,805 - RHS of #set statement is null. Context will not be modified. om/java/cbean/BsConditionInlineQuery.vm [line 91, column 1]
2016-12-20 20:09:57,805 - RHS of #set statement is null. Context will not be modified. om/java/cbean/BsConditionInlineQuery.vm [line 91, column 1]
2016-12-20 20:09:57,805 - RHS of #set statement is null. Context will not be modified. om/java/cbean/BsConditionInlineQuery.vm [line 91, column 1]
2016-12-20 20:09:57,815 - ResourceManager : found om/java/cbean/BsConditionQuery.vm with loader org.apache.velocity.runtime.resource.loader.FileResourceLoader
2016-12-20 20:09:57,815 - RHS of #set statement is null. Context will not be modified. om/java/cbean/BsConditionQuery.vm [line 93, column 1]
2016-12-20 20:09:57,818 - RHS of #set statement is null. Context will not be modified. om/java/cbean/BsConditionQuery.vm [line 93, column 1]
2016-12-20 20:09:57,818 - RHS of #set statement is null. Context will not be modified. om/java/cbean/BsConditionQuery.vm [line 93, column 1]
2016-12-20 20:09:57,818 - RHS of #set statement is null. Context will not be modified. om/java/cbean/BsConditionQuery.vm [line 93, column 1]
2016-12-20 20:09:57,818 - RHS of #set statement is null. Context will not be modified. om/java/cbean/BsConditionQuery.vm [line 93, column 1]
2016-12-20 20:09:57,818 - RHS of #set statement is null. Context will not be modified. om/java/cbean/BsConditionQuery.vm [line 93, column 1]
2016-12-20 20:09:57,818 - RHS of #set statement is null. Context will not be modified. om/java/cbean/BsConditionQuery.vm [line 93, column 1]
2016-12-20 20:09:57,822 - ResourceManager : found om/java/cbean/NestSelectSetupper.vm with loader org.apache.velocity.runtime.resource.loader.FileResourceLoader
2016-12-20 20:09:59,634 - 
2016-12-20 20:09:59,639 - DfFlutistLog4JLogSystem initialized using logfile './log/velocity.log'
2016-12-20 20:09:59,639 - ************************************************************** 
2016-12-20 20:09:59,639 - Starting Jakarta Velocity v1.3.1
2016-12-20 20:09:59,639 - RuntimeInstance initializing.
2016-12-20 20:09:59,639 - Default Properties File: org/apache/velocity/runtime/defaults/velocity.properties
2016-12-20 20:09:59,639 - Trying to use logger class org.seasar.dbflute.friends.velocity.DfFlutistLog4JLogSystem
2016-12-20 20:09:59,639 - Using logger class org.seasar.dbflute.friends.velocity.DfFlutistLog4JLogSystem
2016-12-20 20:09:59,641 - Default ResourceManager initializing. (class org.apache.velocity.runtime.resource.ResourceManagerImpl)
2016-12-20 20:09:59,643 - Resource Loader Instantiated: org.apache.velocity.runtime.resource.loader.FileResourceLoader
2016-12-20 20:09:59,643 - FileResourceLoader : initialization starting.
2016-12-20 20:09:59,643 - FileResourceLoader : adding path '/Users/Shota/git/gakugeiJob/mydbflute/dbflute-1.0.0/templates'
2016-12-20 20:09:59,643 - FileResourceLoader : initialization complete.
2016-12-20 20:09:59,644 - ResourceCache : initialized. (class org.apache.velocity.runtime.resource.ResourceCacheImpl)
2016-12-20 20:09:59,644 - Default ResourceManager initialization complete.
2016-12-20 20:09:59,645 - Loaded System Directive: org.apache.velocity.runtime.directive.Literal
2016-12-20 20:09:59,645 - Loaded System Directive: org.apache.velocity.runtime.directive.Macro
2016-12-20 20:09:59,646 - Loaded System Directive: org.apache.velocity.runtime.directive.Parse
2016-12-20 20:09:59,646 - Loaded System Directive: org.apache.velocity.runtime.directive.Include
2016-12-20 20:09:59,647 - Loaded System Directive: org.apache.velocity.runtime.directive.Foreach
2016-12-20 20:09:59,670 - Created: 20 parsers.
2016-12-20 20:09:59,670 - Velocimacro : initialization starting.
2016-12-20 20:09:59,670 - Velocimacro : adding VMs from VM library template : VM_global_library.vm
2016-12-20 20:09:59,679 - ResourceManager : unable to find resource 'VM_global_library.vm' in any resource loader.
2016-12-20 20:09:59,679 - Velocimacro : error using  VM library template VM_global_library.vm : org.apache.velocity.exception.ResourceNotFoundException: Unable to find resource 'VM_global_library.vm'
2016-12-20 20:09:59,679 - Velocimacro :  VM library template macro registration complete.
2016-12-20 20:09:59,679 - Velocimacro : allowInline = true : VMs can be defined inline in templates
2016-12-20 20:09:59,679 - Velocimacro : allowInlineToOverride = false : VMs defined inline may NOT replace previous VM definitions
2016-12-20 20:09:59,679 - Velocimacro : allowInlineLocal = false : VMs defined inline will be  global in scope if allowed.
2016-12-20 20:09:59,679 - Velocimacro : messages on  : VM system will output logging messages
2016-12-20 20:09:59,679 - Velocimacro : autoload off  : VM system will not automatically reload global library macros
2016-12-20 20:09:59,679 - Velocimacro : initialization complete.
2016-12-20 20:09:59,679 - Velocity successfully started.
2016-12-20 20:09:59,745 - ResourceManager : found om/ControlSql2EntityJava.vm with loader org.apache.velocity.runtime.resource.loader.FileResourceLoader
